<?xml version="1.0" encoding="UTF-8" ?>
<testsuite tests="16" failures="0" name="com.tsguild.blogcapstone.dao.PageDaoImplTest" time="3.347" errors="0" skipped="0">
  <properties>
    <property name="java.runtime.name" value="Java(TM) SE Runtime Environment"/>
    <property name="sun.boot.library.path" value="C:\Program Files\Java\jdk1.8.0_101\jre\bin"/>
    <property name="java.vm.version" value="25.101-b13"/>
    <property name="java.vm.vendor" value="Oracle Corporation"/>
    <property name="java.vendor.url" value="http://java.oracle.com/"/>
    <property name="path.separator" value=";"/>
    <property name="guice.disable.misplaced.annotation.check" value="true"/>
    <property name="java.vm.name" value="Java HotSpot(TM) 64-Bit Server VM"/>
    <property name="file.encoding.pkg" value="sun.io"/>
    <property name="user.script" value=""/>
    <property name="user.country" value="US"/>
    <property name="sun.java.launcher" value="SUN_STANDARD"/>
    <property name="sun.os.patch.level" value=""/>
    <property name="java.vm.specification.name" value="Java Virtual Machine Specification"/>
    <property name="user.dir" value="C:\Users\Owner\Documents\software-guild-projects\software-guild-projects\MyProjects\Capstone\BlogCapstone"/>
    <property name="java.runtime.version" value="1.8.0_101-b13"/>
    <property name="netbeans.deploy" value="true"/>
    <property name="java.awt.graphicsenv" value="sun.awt.Win32GraphicsEnvironment"/>
    <property name="java.endorsed.dirs" value="C:\Program Files\Java\jdk1.8.0_101\jre\lib\endorsed"/>
    <property name="os.arch" value="amd64"/>
    <property name="java.io.tmpdir" value="C:\Users\Owner\AppData\Local\Temp\"/>
    <property name="line.separator" value="
"/>
    <property name="java.vm.specification.vendor" value="Oracle Corporation"/>
    <property name="user.variant" value=""/>
    <property name="os.name" value="Windows 10"/>
    <property name="maven.ext.class.path" value="C:\Program Files\NetBeans 8.2\java\maven-nblib\netbeans-eventspy.jar"/>
    <property name="classworlds.conf" value="C:\Program Files\NetBeans 8.2\java\maven\bin\m2.conf"/>
    <property name="sun.jnu.encoding" value="Cp1252"/>
    <property name="java.library.path" value="C:\Program Files\Java\jdk1.8.0_101\bin;C:\WINDOWS\Sun\Java\bin;C:\WINDOWS\system32;C:\WINDOWS;C:\Program Files (x86)\NVIDIA Corporation\PhysX\Common;C:\ProgramData\Oracle\Java\javapath;C:\WINDOWS\system32;C:\WINDOWS;C:\WINDOWS\System32\Wbem;C:\WINDOWS\System32\WindowsPowerShell\v1.0\;C:\Program Files\Git\cmd;C:\Users\Owner\AppData\Local\Microsoft\WindowsApps;;."/>
    <property name="java.specification.name" value="Java Platform API Specification"/>
    <property name="java.class.version" value="52.0"/>
    <property name="sun.management.compiler" value="HotSpot 64-Bit Tiered Compilers"/>
    <property name="os.version" value="10.0"/>
    <property name="user.home" value="C:\Users\Owner"/>
    <property name="user.timezone" value="America/New_York"/>
    <property name="java.awt.printerjob" value="sun.awt.windows.WPrinterJob"/>
    <property name="java.specification.version" value="1.8"/>
    <property name="file.encoding" value="Cp1252"/>
    <property name="user.name" value="Owner"/>
    <property name="java.class.path" value="C:\Program Files\NetBeans 8.2\java\maven\boot\plexus-classworlds-2.4.jar"/>
    <property name="java.vm.specification.version" value="1.8"/>
    <property name="sun.arch.data.model" value="64"/>
    <property name="java.home" value="C:\Program Files\Java\jdk1.8.0_101\jre"/>
    <property name="sun.java.command" value="org.codehaus.plexus.classworlds.launcher.Launcher -Dnetbeans.deploy=true -Dmaven.ext.class.path=C:\Program Files\NetBeans 8.2\java\maven-nblib\netbeans-eventspy.jar package"/>
    <property name="java.specification.vendor" value="Oracle Corporation"/>
    <property name="user.language" value="en"/>
    <property name="awt.toolkit" value="sun.awt.windows.WToolkit"/>
    <property name="java.vm.info" value="mixed mode"/>
    <property name="java.version" value="1.8.0_101"/>
    <property name="java.ext.dirs" value="C:\Program Files\Java\jdk1.8.0_101\jre\lib\ext;C:\WINDOWS\Sun\Java\lib\ext"/>
    <property name="sun.boot.class.path" value="C:\Program Files\Java\jdk1.8.0_101\jre\lib\resources.jar;C:\Program Files\Java\jdk1.8.0_101\jre\lib\rt.jar;C:\Program Files\Java\jdk1.8.0_101\jre\lib\sunrsasign.jar;C:\Program Files\Java\jdk1.8.0_101\jre\lib\jsse.jar;C:\Program Files\Java\jdk1.8.0_101\jre\lib\jce.jar;C:\Program Files\Java\jdk1.8.0_101\jre\lib\charsets.jar;C:\Program Files\Java\jdk1.8.0_101\jre\lib\jfr.jar;C:\Program Files\Java\jdk1.8.0_101\jre\classes"/>
    <property name="java.vendor" value="Oracle Corporation"/>
    <property name="maven.home" value="C:\Program Files\NetBeans 8.2\java\maven"/>
    <property name="file.separator" value="\"/>
    <property name="java.vendor.url.bug" value="http://bugreport.sun.com/bugreport/"/>
    <property name="sun.cpu.endian" value="little"/>
    <property name="sun.io.unicode.encoding" value="UnicodeLittle"/>
    <property name="sun.desktop" value="windows"/>
    <property name="sun.cpu.isalist" value="amd64"/>
  </properties>
  <testcase classname="com.tsguild.blogcapstone.dao.PageDaoImplTest" name="testPageCountOnAddition" time="0.928"/>
  <testcase classname="com.tsguild.blogcapstone.dao.PageDaoImplTest" name="testAddMultiplePages" time="0.173"/>
  <testcase classname="com.tsguild.blogcapstone.dao.PageDaoImplTest" name="testAgainstEmptyDAO" time="0.081"/>
  <testcase classname="com.tsguild.blogcapstone.dao.PageDaoImplTest" name="testAddAndRemovePagesMultipleTimes" time="0.322"/>
  <testcase classname="com.tsguild.blogcapstone.dao.PageDaoImplTest" name="testUpdatePage" time="0.078"/>
  <testcase classname="com.tsguild.blogcapstone.dao.PageDaoImplTest" name="testAddAndRemovePageTwice" time="0.079"/>
  <testcase classname="com.tsguild.blogcapstone.dao.PageDaoImplTest" name="testPageCountOnUpdate" time="0.21"/>
  <testcase classname="com.tsguild.blogcapstone.dao.PageDaoImplTest" name="testAddOnePage" time="0.057"/>
  <testcase classname="com.tsguild.blogcapstone.dao.PageDaoImplTest" name="testPagesAfterRemovalOfNonExistent" time="0.153"/>
  <testcase classname="com.tsguild.blogcapstone.dao.PageDaoImplTest" name="addOneToEmptyDaoTest" time="0.061"/>
  <testcase classname="com.tsguild.blogcapstone.dao.PageDaoImplTest" name="testPageCountAfterRemoval" time="0.22"/>
  <testcase classname="com.tsguild.blogcapstone.dao.PageDaoImplTest" name="testAddAndRemoveOnePage" time="0.057"/>
  <testcase classname="com.tsguild.blogcapstone.dao.PageDaoImplTest" name="testPageCountAfterTwiceRemoved" time="0.204"/>
  <testcase classname="com.tsguild.blogcapstone.dao.PageDaoImplTest" name="testUpdateMultiplePages" time="0.29"/>
  <testcase classname="com.tsguild.blogcapstone.dao.PageDaoImplTest" name="testAddSimilarPages" time="0.177"/>
  <testcase classname="com.tsguild.blogcapstone.dao.PageDaoImplTest" name="testAddAndRemoveMultiplePages" time="0.203"/>
</testsuite>